<?xml version="1.0" encoding="UTF-8"?>
<testng-results skipped="0" failed="0" ignored="0" total="1" passed="1">
  <reporter-output>
  </reporter-output>
  <suite name="Default suite" duration-ms="16070" started-at="2019-10-13T11:49:55Z" finished-at="2019-10-13T11:50:11Z">
    <groups>
    </groups>
    <test name="Default test" duration-ms="16070" started-at="2019-10-13T11:49:55Z" finished-at="2019-10-13T11:50:11Z">
      <class name="GiveIndia.testcase1">
        <test-method status="PASS" signature="test1()[pri:0, instance:GiveIndia.testcase1@6767c1fc]" name="test1" duration-ms="16041" started-at="2019-10-13T11:49:55Z" finished-at="2019-10-13T11:50:11Z">
          <reporter-output>
          </reporter-output>
        </test-method> <!-- test1 -->
      </class> <!-- GiveIndia.testcase1 -->
    </test> <!-- Default test -->
  </suite> <!-- Default suite -->
</testng-results>
